# JRE version: OpenJDK Runtime Environment (8.0_202) (build 1.8.0_202-release-1483-b49-5587405)
# Java VM: OpenJDK 64-Bit Server VM (25.202-b49-5587405 mixed mode linux-amd64 compressed oops)
Heap:
 PSYoungGen      total 160768K, used 0K [0x00000000f5580000, 0x00000000ffe80000, 0x0000000100000000)
  eden space 149504K, 0% used [0x00000000f5580000,0x00000000f5580000,0x00000000fe780000)
  from space 11264K, 0% used [0x00000000ff380000,0x00000000ff380000,0x00000000ffe80000)
  to   space 11776K, 0% used [0x00000000fe780000,0x00000000fe780000,0x00000000ff300000)
 ParOldGen       total 233472K, used 85376K [0x00000000e0000000, 0x00000000ee400000, 0x00000000f5580000)
  object space 233472K, 36% used [0x00000000e0000000,0x00000000e53600f8,0x00000000ee400000)
 Metaspace       used 91432K, capacity 95118K, committed 95640K, reserved 1132544K
  class space    used 11613K, capacity 12360K, committed 12456K, reserved 1048576K
GC Heap History (10 events):
Event: 580.048 GC heap after
Heap after GC invocations=69 (full 3):
 PSYoungGen      total 157696K, used 2336K [0x00000000f5580000, 0x00000000ffe80000, 0x0000000100000000)
  eden space 144384K, 0% used [0x00000000f5580000,0x00000000f5580000,0x00000000fe280000)
  from space 13312K, 17% used [0x00000000ff180000,0x00000000ff3c8000,0x00000000ffe80000)
  to   space 14336K, 0% used [0x00000000fe280000,0x00000000fe280000,0x00000000ff080000)
 ParOldGen       total 233472K, used 214706K [0x00000000e0000000, 0x00000000ee400000, 0x00000000f5580000)
  object space 233472K, 91% used [0x00000000e0000000,0x00000000ed1acaa0,0x00000000ee400000)
 Metaspace       used 91604K, capacity 95398K, committed 95640K, reserved 1132544K
  class space    used 11659K, capacity 12455K, committed 12456K, reserved 1048576K
}
Event: 581.415 GC heap before
{Heap before GC invocations=70 (full 3):
 PSYoungGen      total 157696K, used 146720K [0x00000000f5580000, 0x00000000ffe80000, 0x0000000100000000)
  eden space 144384K, 100% used [0x00000000f5580000,0x00000000fe280000,0x00000000fe280000)
  from space 13312K, 17% used [0x00000000ff180000,0x00000000ff3c8000,0x00000000ffe80000)
  to   space 14336K, 0% used [0x00000000fe280000,0x00000000fe280000,0x00000000ff080000)
 ParOldGen       total 233472K, used 214706K [0x00000000e0000000, 0x00000000ee400000, 0x00000000f5580000)
  object space 233472K, 91% used [0x00000000e0000000,0x00000000ed1acaa0,0x00000000ee400000)
 Metaspace       used 91605K, capacity 95398K, committed 95640K, reserved 1132544K
  class space    used 11659K, capacity 12455K, committed 12456K, reserved 1048576K
Event: 581.449 GC heap after
Heap after GC invocations=70 (full 3):
 PSYoungGen      total 158720K, used 3136K [0x00000000f5580000, 0x00000000fff00000, 0x0000000100000000)
  eden space 144384K, 0% used [0x00000000f5580000,0x00000000f5580000,0x00000000fe280000)
  from space 14336K, 21% used [0x00000000fe280000,0x00000000fe590010,0x00000000ff080000)
  to   space 13312K, 0% used [0x00000000ff200000,0x00000000ff200000,0x00000000fff00000)
 ParOldGen       total 233472K, used 216450K [0x00000000e0000000, 0x00000000ee400000, 0x00000000f5580000)
  object space 233472K, 92% used [0x00000000e0000000,0x00000000ed360ab0,0x00000000ee400000)
 Metaspace       used 91605K, capacity 95398K, committed 95640K, reserved 1132544K
  class space    used 11659K, capacity 12455K, committed 12456K, reserved 1048576K
}
Event: 584.074 GC heap before
{Heap before GC invocations=71 (full 3):
 PSYoungGen      total 158720K, used 147520K [0x00000000f5580000, 0x00000000fff00000, 0x0000000100000000)
  eden space 144384K, 100% used [0x00000000f5580000,0x00000000fe280000,0x00000000fe280000)
  from space 14336K, 21% used [0x00000000fe280000,0x00000000fe590010,0x00000000ff080000)
  to   space 13312K, 0% used [0x00000000ff200000,0x00000000ff200000,0x00000000fff00000)
 ParOldGen       total 233472K, used 216450K [0x00000000e0000000, 0x00000000ee400000, 0x00000000f5580000)
  object space 233472K, 92% used [0x00000000e0000000,0x00000000ed360ab0,0x00000000ee400000)
 Metaspace       used 91607K, capacity 95398K, committed 95640K, reserved 1132544K
  class space    used 11659K, capacity 12455K, committed 12456K, reserved 1048576K
Event: 584.103 GC heap after
Heap after GC invocations=71 (full 3):
 PSYoungGen      total 159232K, used 2960K [0x00000000f5580000, 0x00000000ffe00000, 0x0000000100000000)
  eden space 146944K, 0% used [0x00000000f5580000,0x00000000f5580000,0x00000000fe500000)
  from space 12288K, 24% used [0x00000000ff200000,0x00000000ff4e4050,0x00000000ffe00000)
  to   space 12800K, 0% used [0x00000000fe500000,0x00000000fe500000,0x00000000ff180000)
 ParOldGen       total 233472K, used 219522K [0x00000000e0000000, 0x00000000ee400000, 0x00000000f5580000)
  object space 233472K, 94% used [0x00000000e0000000,0x00000000ed660ac0,0x00000000ee400000)
 Metaspace       used 91607K, capacity 95398K, committed 95640K, reserved 1132544K
  class space    used 11659K, capacity 12455K, committed 12456K, reserved 1048576K
}
Event: 585.707 GC heap before
{Heap before GC invocations=72 (full 3):
 PSYoungGen      total 159232K, used 149904K [0x00000000f5580000, 0x00000000ffe00000, 0x0000000100000000)
  eden space 146944K, 100% used [0x00000000f5580000,0x00000000fe500000,0x00000000fe500000)
  from space 12288K, 24% used [0x00000000ff200000,0x00000000ff4e4050,0x00000000ffe00000)
  to   space 12800K, 0% used [0x00000000fe500000,0x00000000fe500000,0x00000000ff180000)
 ParOldGen       total 233472K, used 219522K [0x00000000e0000000, 0x00000000ee400000, 0x00000000f5580000)
  object space 233472K, 94% used [0x00000000e0000000,0x00000000ed660ac0,0x00000000ee400000)
 Metaspace       used 91611K, capacity 95462K, committed 95640K, reserved 1132544K
  class space    used 11659K, capacity 12455K, committed 12456K, reserved 1048576K
Event: 585.748 GC heap after
Heap after GC invocations=72 (full 3):
 PSYoungGen      total 159744K, used 3840K [0x00000000f5580000, 0x00000000fff80000, 0x0000000100000000)
  eden space 146944K, 0% used [0x00000000f5580000,0x00000000f5580000,0x00000000fe500000)
  from space 12800K, 30% used [0x00000000fe500000,0x00000000fe8c0000,0x00000000ff180000)
  to   space 12288K, 0% used [0x00000000ff380000,0x00000000ff380000,0x00000000fff80000)
 ParOldGen       total 233472K, used 222418K [0x00000000e0000000, 0x00000000ee400000, 0x00000000f5580000)
  object space 233472K, 95% used [0x00000000e0000000,0x00000000ed934b10,0x00000000ee400000)
 Metaspace       used 91611K, capacity 95462K, committed 95640K, reserved 1132544K
  class space    used 11659K, capacity 12455K, committed 12456K, reserved 1048576K
}
Event: 587.046 GC heap before
{Heap before GC invocations=73 (full 3):
 PSYoungGen      total 159744K, used 150784K [0x00000000f5580000, 0x00000000fff80000, 0x0000000100000000)
  eden space 146944K, 100% used [0x00000000f5580000,0x00000000fe500000,0x00000000fe500000)
  from space 12800K, 30% used [0x00000000fe500000,0x00000000fe8c0000,0x00000000ff180000)
  to   space 12288K, 0% used [0x00000000ff380000,0x00000000ff380000,0x00000000fff80000)
 ParOldGen       total 233472K, used 222418K [0x00000000e0000000, 0x00000000ee400000, 0x00000000f5580000)
  object space 233472K, 95% used [0x00000000e0000000,0x00000000ed934b10,0x00000000ee400000)
 Metaspace       used 91611K, capacity 95462K, committed 95640K, reserved 1132544K
  class space    used 11659K, capacity 12455K, committed 12456K, reserved 1048576K
Event: 587.074 GC heap after
Heap after GC invocations=73 (full 3):
 PSYoungGen      total 160768K, used 2944K [0x00000000f5580000, 0x00000000ffe80000, 0x0000000100000000)
  eden space 149504K, 0% used [0x00000000f5580000,0x00000000f5580000,0x00000000fe780000)
  from space 11264K, 26% used [0x00000000ff380000,0x00000000ff660000,0x00000000ffe80000)
  to   space 11776K, 0% used [0x00000000fe780000,0x00000000fe780000,0x00000000ff300000)
 ParOldGen       total 233472K, used 226142K [0x00000000e0000000, 0x00000000ee400000, 0x00000000f5580000)
  object space 233472K, 96% used [0x00000000e0000000,0x00000000edcd7bc8,0x00000000ee400000)
 Metaspace       used 91611K, capacity 95462K, committed 95640K, reserved 1132544K
  class space    used 11659K, capacity 12455K, committed 12456K, reserved 1048576K
}
Event: 587.074 GC heap before
{Heap before GC invocations=74 (full 4):
 PSYoungGen      total 160768K, used 2944K [0x00000000f5580000, 0x00000000ffe80000, 0x0000000100000000)
  eden space 149504K, 0% used [0x00000000f5580000,0x00000000f5580000,0x00000000fe780000)
  from space 11264K, 26% used [0x00000000ff380000,0x00000000ff660000,0x00000000ffe80000)
  to   space 11776K, 0% used [0x00000000fe780000,0x00000000fe780000,0x00000000ff300000)
 ParOldGen       total 233472K, used 226142K [0x00000000e0000000, 0x00000000ee400000, 0x00000000f5580000)
  object space 233472K, 96% used [0x00000000e0000000,0x00000000edcd7bc8,0x00000000ee400000)
 Metaspace       used 91611K, capacity 95462K, committed 95640K, reserved 1132544K
  class space    used 11659K, capacity 12455K, committed 12456K, reserved 1048576K

