# JRE version: OpenJDK Runtime Environment (8.0_202) (build 1.8.0_202-release-1483-b49-5587405)
# Java VM: OpenJDK 64-Bit Server VM (25.202-b49-5587405 mixed mode linux-amd64 compressed oops)
Heap:
 PSYoungGen      total 155648K, used 0K [0x00000000f5580000, 0x0000000100000000, 0x0000000100000000)
  eden space 137216K, 0% used [0x00000000f5580000,0x00000000f5580000,0x00000000fdb80000)
  from space 18432K, 0% used [0x00000000fdb80000,0x00000000fdb80000,0x00000000fed80000)
  to   space 18944K, 0% used [0x00000000fed80000,0x00000000fed80000,0x0000000100000000)
 ParOldGen       total 202752K, used 125084K [0x00000000e0000000, 0x00000000ec600000, 0x00000000f5580000)
  object space 202752K, 61% used [0x00000000e0000000,0x00000000e7a27328,0x00000000ec600000)
 Metaspace       used 79751K, capacity 82698K, committed 82944K, reserved 1120256K
  class space    used 10484K, capacity 11140K, committed 11264K, reserved 1048576K
GC Heap History (10 events):
Event: 193.778 GC heap after
Heap after GC invocations=45 (full 3):
 PSYoungGen      total 152576K, used 3168K [0x00000000f5580000, 0x00000000ffe00000, 0x0000000100000000)
  eden space 134656K, 0% used [0x00000000f5580000,0x00000000f5580000,0x00000000fd900000)
  from space 17920K, 17% used [0x00000000fec80000,0x00000000fef98010,0x00000000ffe00000)
  to   space 18944K, 0% used [0x00000000fd900000,0x00000000fd900000,0x00000000feb80000)
 ParOldGen       total 197120K, used 128696K [0x00000000e0000000, 0x00000000ec080000, 0x00000000f5580000)
  object space 197120K, 65% used [0x00000000e0000000,0x00000000e7dae088,0x00000000ec080000)
 Metaspace       used 78880K, capacity 81768K, committed 82048K, reserved 1120256K
  class space    used 10412K, capacity 11021K, committed 11136K, reserved 1048576K
}
Event: 201.666 GC heap before
{Heap before GC invocations=46 (full 3):
 PSYoungGen      total 152576K, used 137824K [0x00000000f5580000, 0x00000000ffe00000, 0x0000000100000000)
  eden space 134656K, 100% used [0x00000000f5580000,0x00000000fd900000,0x00000000fd900000)
  from space 17920K, 17% used [0x00000000fec80000,0x00000000fef98010,0x00000000ffe00000)
  to   space 18944K, 0% used [0x00000000fd900000,0x00000000fd900000,0x00000000feb80000)
 ParOldGen       total 197120K, used 128696K [0x00000000e0000000, 0x00000000ec080000, 0x00000000f5580000)
  object space 197120K, 65% used [0x00000000e0000000,0x00000000e7dae088,0x00000000ec080000)
 Metaspace       used 78896K, capacity 81768K, committed 82048K, reserved 1120256K
  class space    used 10412K, capacity 11021K, committed 11136K, reserved 1048576K
Event: 201.755 GC heap after
Heap after GC invocations=46 (full 3):
 PSYoungGen      total 153600K, used 2752K [0x00000000f5580000, 0x0000000100000000, 0x0000000100000000)
  eden space 134656K, 0% used [0x00000000f5580000,0x00000000f5580000,0x00000000fd900000)
  from space 18944K, 14% used [0x00000000fd900000,0x00000000fdbb0000,0x00000000feb80000)
  to   space 18432K, 0% used [0x00000000fee00000,0x00000000fee00000,0x0000000100000000)
 ParOldGen       total 197120K, used 131432K [0x00000000e0000000, 0x00000000ec080000, 0x00000000f5580000)
  object space 197120K, 66% used [0x00000000e0000000,0x00000000e805a0b8,0x00000000ec080000)
 Metaspace       used 78896K, capacity 81768K, committed 82048K, reserved 1120256K
  class space    used 10412K, capacity 11021K, committed 11136K, reserved 1048576K
}
Event: 206.074 GC heap before
{Heap before GC invocations=47 (full 3):
 PSYoungGen      total 153600K, used 137408K [0x00000000f5580000, 0x0000000100000000, 0x0000000100000000)
  eden space 134656K, 100% used [0x00000000f5580000,0x00000000fd900000,0x00000000fd900000)
  from space 18944K, 14% used [0x00000000fd900000,0x00000000fdbb0000,0x00000000feb80000)
  to   space 18432K, 0% used [0x00000000fee00000,0x00000000fee00000,0x0000000100000000)
 ParOldGen       total 197120K, used 131432K [0x00000000e0000000, 0x00000000ec080000, 0x00000000f5580000)
  object space 197120K, 66% used [0x00000000e0000000,0x00000000e805a0b8,0x00000000ec080000)
 Metaspace       used 78921K, capacity 81832K, committed 82048K, reserved 1120256K
  class space    used 10414K, capacity 11021K, committed 11136K, reserved 1048576K
Event: 206.104 GC heap after
Heap after GC invocations=47 (full 3):
 PSYoungGen      total 155136K, used 992K [0x00000000f5580000, 0x00000000fff80000, 0x0000000100000000)
  eden space 137216K, 0% used [0x00000000f5580000,0x00000000f5580000,0x00000000fdb80000)
  from space 17920K, 5% used [0x00000000fee00000,0x00000000feef8000,0x00000000fff80000)
  to   space 18432K, 0% used [0x00000000fdb80000,0x00000000fdb80000,0x00000000fed80000)
 ParOldGen       total 197120K, used 133599K [0x00000000e0000000, 0x00000000ec080000, 0x00000000f5580000)
  object space 197120K, 67% used [0x00000000e0000000,0x00000000e8277f60,0x00000000ec080000)
 Metaspace       used 78921K, capacity 81832K, committed 82048K, reserved 1120256K
  class space    used 10414K, capacity 11021K, committed 11136K, reserved 1048576K
}
Event: 210.847 GC heap before
{Heap before GC invocations=48 (full 3):
 PSYoungGen      total 155136K, used 138208K [0x00000000f5580000, 0x00000000fff80000, 0x0000000100000000)
  eden space 137216K, 100% used [0x00000000f5580000,0x00000000fdb80000,0x00000000fdb80000)
  from space 17920K, 5% used [0x00000000fee00000,0x00000000feef8000,0x00000000fff80000)
  to   space 18432K, 0% used [0x00000000fdb80000,0x00000000fdb80000,0x00000000fed80000)
 ParOldGen       total 197120K, used 133599K [0x00000000e0000000, 0x00000000ec080000, 0x00000000f5580000)
  object space 197120K, 67% used [0x00000000e0000000,0x00000000e8277f60,0x00000000ec080000)
 Metaspace       used 79514K, capacity 82438K, committed 82560K, reserved 1120256K
  class space    used 10471K, capacity 11106K, committed 11136K, reserved 1048576K
Event: 211.169 GC heap after
Heap after GC invocations=48 (full 3):
 PSYoungGen      total 155648K, used 18416K [0x00000000f5580000, 0x0000000100000000, 0x0000000100000000)
  eden space 137216K, 0% used [0x00000000f5580000,0x00000000f5580000,0x00000000fdb80000)
  from space 18432K, 99% used [0x00000000fdb80000,0x00000000fed7c2f8,0x00000000fed80000)
  to   space 18944K, 0% used [0x00000000fed80000,0x00000000fed80000,0x0000000100000000)
 ParOldGen       total 197120K, used 164262K [0x00000000e0000000, 0x00000000ec080000, 0x00000000f5580000)
  object space 197120K, 83% used [0x00000000e0000000,0x00000000ea069b98,0x00000000ec080000)
 Metaspace       used 79514K, capacity 82438K, committed 82560K, reserved 1120256K
  class space    used 10471K, capacity 11106K, committed 11136K, reserved 1048576K
}
Event: 219.982 GC heap before
{Heap before GC invocations=49 (full 3):
 PSYoungGen      total 155648K, used 155632K [0x00000000f5580000, 0x0000000100000000, 0x0000000100000000)
  eden space 137216K, 100% used [0x00000000f5580000,0x00000000fdb80000,0x00000000fdb80000)
  from space 18432K, 99% used [0x00000000fdb80000,0x00000000fed7c2f8,0x00000000fed80000)
  to   space 18944K, 0% used [0x00000000fed80000,0x00000000fed80000,0x0000000100000000)
 ParOldGen       total 197120K, used 164262K [0x00000000e0000000, 0x00000000ec080000, 0x00000000f5580000)
  object space 197120K, 83% used [0x00000000e0000000,0x00000000ea069b98,0x00000000ec080000)
 Metaspace       used 79752K, capacity 82700K, committed 82944K, reserved 1120256K
  class space    used 10485K, capacity 11141K, committed 11264K, reserved 1048576K
Event: 221.042 GC heap after
Heap after GC invocations=49 (full 3):
 PSYoungGen      total 155648K, used 155632K [0x00000000f5580000, 0x0000000100000000, 0x0000000100000000)
  eden space 137216K, 100% used [0x00000000f5580000,0x00000000fdb80000,0x00000000fdb80000)
  from space 18432K, 99% used [0x00000000fdb80000,0x00000000fed7c2f8,0x00000000fed80000)
  to   space 18944K, 99% used [0x00000000fed80000,0x00000000fffffa30,0x0000000100000000)
 ParOldGen       total 202752K, used 202210K [0x00000000e0000000, 0x00000000ec600000, 0x00000000f5580000)
  object space 202752K, 99% used [0x00000000e0000000,0x00000000ec578bf0,0x00000000ec600000)
 Metaspace       used 79752K, capacity 82700K, committed 82944K, reserved 1120256K
  class space    used 10485K, capacity 11141K, committed 11264K, reserved 1048576K
}
Event: 221.042 GC heap before
{Heap before GC invocations=50 (full 4):
 PSYoungGen      total 155648K, used 155632K [0x00000000f5580000, 0x0000000100000000, 0x0000000100000000)
  eden space 137216K, 100% used [0x00000000f5580000,0x00000000fdb80000,0x00000000fdb80000)
  from space 18432K, 99% used [0x00000000fdb80000,0x00000000fed7c2f8,0x00000000fed80000)
  to   space 18944K, 99% used [0x00000000fed80000,0x00000000fffffa30,0x0000000100000000)
 ParOldGen       total 202752K, used 202210K [0x00000000e0000000, 0x00000000ec600000, 0x00000000f5580000)
  object space 202752K, 99% used [0x00000000e0000000,0x00000000ec578bf0,0x00000000ec600000)
 Metaspace       used 79752K, capacity 82700K, committed 82944K, reserved 1120256K
  class space    used 10485K, capacity 11141K, committed 11264K, reserved 1048576K

